root@pve:~# lspci -n -s 09:00 -v
09:00.0 0300: 1002:73df (rev df) (prog-if 00 [VGA controller])
        Subsystem: 1da2:e445
        Flags: bus master, fast devsel, latency 0, IRQ 255, IOMMU group 18
        Memory at 7800000000 (64-bit, prefetchable) [size=16G]
        Memory at 7c00000000 (64-bit, prefetchable) [size=256M]
        I/O ports at e000 [disabled] [size=256]
        Memory at fca00000 (32-bit, non-prefetchable) [size=1M]
        Expansion ROM at fcb00000 [disabled] [size=128K]
        Capabilities: [48] Vendor Specific Information: Len=08 <?>
        Capabilities: [50] Power Management version 3
        Capabilities: [64] Express Legacy Endpoint, MSI 00
        Capabilities: [a0] MSI: Enable- Count=1/1 Maskable- 64bit+
        Capabilities: [100] Vendor Specific Information: ID=0001 Rev=1 Len=010 <?>
        Capabilities: [150] Advanced Error Reporting
        Capabilities: [200] Physical Resizable BAR
        Capabilities: [240] Power Budgeting <?>
        Capabilities: [270] Secondary PCI Express
        Capabilities: [2a0] Access Control Services
        Capabilities: [2d0] Process Address Space ID (PASID)
        Capabilities: [320] Latency Tolerance Reporting
        Capabilities: [410] Physical Layer 16.0 GT/s <?>
        Capabilities: [440] Lane Margining at the Receiver <?>
        Kernel driver in use: vfio-pci
        Kernel modules: amdgpu

09:00.1 0403: 1002:ab28
        Subsystem: 1002:ab28
        Flags: bus master, fast devsel, latency 0, IRQ 74, IOMMU group 19
        Memory at fcb20000 (32-bit, non-prefetchable) [size=16K]
        Capabilities: [48] Vendor Specific Information: Len=08 <?>
        Capabilities: [50] Power Management version 3
        Capabilities: [64] Express Legacy Endpoint, MSI 00
        Capabilities: [a0] MSI: Enable+ Count=1/1 Maskable- 64bit+
        Capabilities: [100] Vendor Specific Information: ID=0001 Rev=1 Len=010 <?>
        Capabilities: [150] Advanced Error Reporting
        Capabilities: [2a0] Access Control Services
        Kernel driver in use: snd_hda_intel
        Kernel modules: snd_hda_intel